#
# There is insufficient memory for the Java Runtime Environment to continue.
# Native memory allocation (malloc) failed to allocate 65536 bytes for offset table expansion
# Possible reasons:
#   The system is out of physical RAM or swap space
#   In 32 bit mode, the process size limit was hit
# Possible solutions:
#   Reduce memory load on the system
#   Increase physical memory or swap space
#   Check if swap backing store is full
#   Use 64 bit Java on a 64 bit OS
#   Decrease Java heap size (-Xmx/-Xms)
#   Decrease number of Java threads
#   Decrease Java thread stack sizes (-Xss)
#   Set larger code cache with -XX:ReservedCodeCacheSize=
# This output file may be truncated or incomplete.
#
#  Out of Memory Error (blockOffsetTable.cpp:83), pid=16376, tid=11848
#
# JRE version:  (7.0_65-b20) (build )
# Java VM: Java HotSpot(TM) Client VM (24.65-b04 mixed mode, sharing windows-x86 )
# Failed to write core dump. Minidumps are not enabled by default on client versions of Windows
#

---------------  T H R E A D  ---------------

Current thread (0x0160c400):  JavaThread "Unknown thread" [_thread_in_vm, id=11848, stack(0x018e0000,0x01930000)]

Stack: [0x018e0000,0x01930000],  sp=0x0192f1b4,  free space=316k
Native frames: (J=compiled Java code, j=interpreted, Vv=VM code, C=native code)
V  [jvm.dll+0x190494]
V  [jvm.dll+0x18a2a5]
V  [jvm.dll+0x79240]
V  [jvm.dll+0x797e6]
V  [jvm.dll+0x879dc]
V  [jvm.dll+0x7d278]
V  [jvm.dll+0x8a316]
V  [jvm.dll+0x87da6]
V  [jvm.dll+0x86a8e]
V  [jvm.dll+0x90f03]
V  [jvm.dll+0x13f9f4]
V  [jvm.dll+0x1626fc]
V  [jvm.dll+0xc9d6f]
C  [javaw.exe+0x13ce]
C  [javaw.exe+0x1e40]
C  [javaw.exe+0xa601]
C  [javaw.exe+0xa68b]
C  [kernel32.dll+0x4ed6c]
C  [ntdll.dll+0x6377b]
C  [ntdll.dll+0x6374e]


---------------  P R O C E S S  ---------------

Java Threads: ( => current thread )

Other Threads:

=>0x0160c400 (exited) JavaThread "Unknown thread" [_thread_in_vm, id=11848, stack(0x018e0000,0x01930000)]

VM state:not at safepoint (not fully initialized)

VM Mutex/Monitor currently owned by a thread: None

GC Heap History (0 events):
No events

Deoptimization events (0 events):
No events

Internal exceptions (0 events):
No events

Events (0 events):
No events


Dynamic libraries:
0x011a0000 - 0x011cf000 	C:\Program Files\Java\jre7\bin\javaw.exe
0x776f0000 - 0x7782c000 	C:\Windows\SYSTEM32\ntdll.dll
0x77840000 - 0x77914000 	C:\Windows\system32\kernel32.dll
0x75af0000 - 0x75b3a000 	C:\Windows\system32\KERNELBASE.dll
0x76030000 - 0x760d0000 	C:\Windows\system32\ADVAPI32.dll
0x775f0000 - 0x7769c000 	C:\Windows\system32\msvcrt.dll
0x75f60000 - 0x75f79000 	C:\Windows\SYSTEM32\sechost.dll
0x77500000 - 0x775a1000 	C:\Windows\system32\RPCRT4.dll
0x76150000 - 0x76219000 	C:\Windows\system32\USER32.dll
0x76100000 - 0x7614e000 	C:\Windows\system32\GDI32.dll
0x77220000 - 0x7722a000 	C:\Windows\system32\LPK.dll
0x76220000 - 0x762bd000 	C:\Windows\system32\USP10.dll
0x747d0000 - 0x7496e000 	C:\Windows\WinSxS\x86_microsoft.windows.common-controls_6595b64144ccf1df_6.0.7601.17514_none_41e6975e2bd6f2b2\COMCTL32.dll
0x76400000 - 0x76457000 	C:\Windows\system32\SHLWAPI.dll
0x76010000 - 0x7602f000 	C:\Windows\system32\IMM32.DLL
0x77430000 - 0x774fc000 	C:\Windows\system32\MSCTF.dll
0x57020000 - 0x570df000 	C:\Program Files\Java\jre7\bin\msvcr100.dll
0x555d0000 - 0x55958000 	C:\Program Files\Java\jre7\bin\client\jvm.dll
0x6d980000 - 0x6d987000 	C:\Windows\system32\WSOCK32.dll
0x775b0000 - 0x775e5000 	C:\Windows\system32\WS2_32.dll
0x76460000 - 0x76466000 	C:\Windows\system32\NSI.dll
0x71320000 - 0x71352000 	C:\Windows\system32\WINMM.dll
0x77830000 - 0x77835000 	C:\Windows\system32\PSAPI.DLL
0x72510000 - 0x7251c000 	C:\Program Files\Java\jre7\bin\verify.dll
0x724f0000 - 0x72510000 	C:\Program Files\Java\jre7\bin\java.dll
0x6d960000 - 0x6d973000 	C:\Program Files\Java\jre7\bin\zip.dll
0x6d7a0000 - 0x6d88b000 	C:\Windows\system32\dbghelp.dll

VM Arguments:
jvm_args: -Dfile.encoding=MS874 
java_command: TestJFrame
Launcher Type: SUN_STANDARD

Environment Variables:
PATH=C:/Program Files/Java/jre7/bin/client;C:/Program Files/Java/jre7/bin;C:/Program Files/Java/jre7/lib/i386;C:\Windows\system32;C:\Windows;C:\Windows\system32\wbem;C:\Program Files\Intel\iCLS Client;C:\Windows\System32\WindowsPowerShell\v1.0;C:\Program Files\Intel\OpenCL SDK\2.0\bin\x86;C:\Program Files\Intel\Intel(R) Management Engine Components\DAL;C:\Program Files\Intel\Intel(R) Management Engine Components\IPT;C:\Program Files\Microsoft SQL Server\100\Tools\Binn\;C:\Program Files\Microsoft SQL Server\100\DTS\Binn\;D:\Program\eclipse-standard-luna-R-win32\eclipse;
USERNAME=Acer
OS=Windows_NT
PROCESSOR_IDENTIFIER=x86 Family 6 Model 42 Stepping 7, GenuineIntel



---------------  S Y S T E M  ---------------

OS: Windows 7 Build 7601 Service Pack 1

CPU:total 2 (2 cores per cpu, 1 threads per core) family 6 model 42 stepping 7, cmov, cx8, fxsr, mmx, sse, sse2, sse3, ssse3, sse4.1, sse4.2, popcnt, tsc, tscinvbit

Memory: 4k page, physical 1879656k(211900k free), swap 7518624k(5356k free)

vm_info: Java HotSpot(TM) Client VM (24.65-b04) for windows-x86 JRE (1.7.0_65-b20), built on Jul 11 2014 01:01:06 by "java_re" with unknown MS VC++:1600

time: Sun Aug 31 18:07:38 2014
elapsed time: 0 seconds

